# JRE version: OpenJDK Runtime Environment Temurin-21.0.3+9 (21.0.3+9) (build 21.0.3+9-LTS)
# Java VM: OpenJDK 64-Bit Server VM Temurin-21.0.3+9 (21.0.3+9-LTS, mixed mode, tiered, compressed oops, compressed class ptrs, g1 gc, windows-amd64)
GC Precious Log:
 CardTable entry size: 512
 Card Set container configuration: InlinePtr #cards 4 size 8 Array Of Cards #cards 32 size 80 Howl #buckets 8 coarsen threshold 7372 Howl Bitmap #cards 1024 size 144 coarsen threshold 921 Card regions per heap region 1 cards per card region 8192
 CPUs: 20 total, 20 available
 Memory: 32491M
 Large Page Support: Disabled
 NUMA Support: Disabled
 Compressed Oops: Enabled (Zero based)
 Heap Region Size: 4M
 Heap Min Capacity: 8M
 Heap Initial Capacity: 508M
 Heap Max Capacity: 8124M
 Pre-touch: Disabled
 Parallel Workers: 15
 Concurrent Workers: 4
 Concurrent Refinement Workers: 15
 Periodic GC: Disabled
Heap:
 garbage-first heap   total 827392K, used 722193K [0x0000000604400000, 0x0000000800000000)
  region size 4096K, 78 young (319488K), 2 survivors (8192K)
 Metaspace       used 120151K, committed 121600K, reserved 1179648K
  class space    used 13331K, committed 14016K, reserved 1048576K
GC Heap History (20 events):
Event: 2107.155 GC heap before
{Heap before GC invocations=273 (full 0):
 garbage-first heap   total 806912K, used 734374K [0x0000000604400000, 0x0000000800000000)
  region size 4096K, 110 young (450560K), 5 survivors (20480K)
 Metaspace       used 116635K, committed 118208K, reserved 1179648K
  class space    used 12504K, committed 13248K, reserved 1048576K
}
Event: 2107.159 GC heap after
{Heap after GC invocations=274 (full 0):
 garbage-first heap   total 806912K, used 312185K [0x0000000604400000, 0x0000000800000000)
  region size 4096K, 5 young (20480K), 5 survivors (20480K)
 Metaspace       used 116635K, committed 118208K, reserved 1179648K
  class space    used 12504K, committed 13248K, reserved 1048576K
}
Event: 2107.394 GC heap before
{Heap before GC invocations=274 (full 0):
 garbage-first heap   total 806912K, used 738169K [0x0000000604400000, 0x0000000800000000)
  region size 4096K, 109 young (446464K), 5 survivors (20480K)
 Metaspace       used 116642K, committed 118208K, reserved 1179648K
  class space    used 12504K, committed 13248K, reserved 1048576K
}
Event: 2107.398 GC heap after
{Heap after GC invocations=275 (full 0):
 garbage-first heap   total 806912K, used 317205K [0x0000000604400000, 0x0000000800000000)
  region size 4096K, 5 young (20480K), 5 survivors (20480K)
 Metaspace       used 116642K, committed 118208K, reserved 1179648K
  class space    used 12504K, committed 13248K, reserved 1048576K
}
Event: 2108.461 GC heap before
{Heap before GC invocations=276 (full 0):
 garbage-first heap   total 806912K, used 739093K [0x0000000604400000, 0x0000000800000000)
  region size 4096K, 108 young (442368K), 5 survivors (20480K)
 Metaspace       used 116626K, committed 118144K, reserved 1179648K
  class space    used 12498K, committed 13248K, reserved 1048576K
}
Event: 2108.465 GC heap after
{Heap after GC invocations=277 (full 0):
 garbage-first heap   total 806912K, used 320405K [0x0000000604400000, 0x0000000800000000)
  region size 4096K, 6 young (24576K), 6 survivors (24576K)
 Metaspace       used 116626K, committed 118144K, reserved 1179648K
  class space    used 12498K, committed 13248K, reserved 1048576K
}
Event: 2222.079 GC heap before
{Heap before GC invocations=277 (full 0):
 garbage-first heap   total 806912K, used 734101K [0x0000000604400000, 0x0000000800000000)
  region size 4096K, 107 young (438272K), 6 survivors (24576K)
 Metaspace       used 116719K, committed 118272K, reserved 1179648K
  class space    used 12498K, committed 13248K, reserved 1048576K
}
Event: 2222.085 GC heap after
{Heap after GC invocations=278 (full 0):
 garbage-first heap   total 806912K, used 317118K [0x0000000604400000, 0x0000000800000000)
  region size 4096K, 6 young (24576K), 6 survivors (24576K)
 Metaspace       used 116719K, committed 118272K, reserved 1179648K
  class space    used 12498K, committed 13248K, reserved 1048576K
}
Event: 2241.525 GC heap before
{Heap before GC invocations=278 (full 0):
 garbage-first heap   total 806912K, used 734910K [0x0000000604400000, 0x0000000800000000)
  region size 4096K, 108 young (442368K), 6 survivors (24576K)
 Metaspace       used 116999K, committed 118464K, reserved 1179648K
  class space    used 12528K, committed 13248K, reserved 1048576K
}
Event: 2241.530 GC heap after
{Heap after GC invocations=279 (full 0):
 garbage-first heap   total 806912K, used 320504K [0x0000000604400000, 0x0000000800000000)
  region size 4096K, 7 young (28672K), 7 survivors (28672K)
 Metaspace       used 116999K, committed 118464K, reserved 1179648K
  class space    used 12528K, committed 13248K, reserved 1048576K
}
Event: 2242.627 GC heap before
{Heap before GC invocations=280 (full 0):
 garbage-first heap   total 806912K, used 730104K [0x0000000604400000, 0x0000000800000000)
  region size 4096K, 107 young (438272K), 7 survivors (28672K)
 Metaspace       used 116999K, committed 118464K, reserved 1179648K
  class space    used 12528K, committed 13248K, reserved 1048576K
}
Event: 2242.631 GC heap after
{Heap after GC invocations=281 (full 0):
 garbage-first heap   total 806912K, used 319671K [0x0000000604400000, 0x0000000800000000)
  region size 4096K, 7 young (28672K), 7 survivors (28672K)
 Metaspace       used 116999K, committed 118464K, reserved 1179648K
  class space    used 12528K, committed 13248K, reserved 1048576K
}
Event: 2243.430 GC heap before
{Heap before GC invocations=281 (full 0):
 garbage-first heap   total 806912K, used 729271K [0x0000000604400000, 0x0000000800000000)
  region size 4096K, 107 young (438272K), 7 survivors (28672K)
 Metaspace       used 116999K, committed 118464K, reserved 1179648K
  class space    used 12528K, committed 13248K, reserved 1048576K
}
Event: 2243.435 GC heap after
{Heap after GC invocations=282 (full 0):
 garbage-first heap   total 806912K, used 316630K [0x0000000604400000, 0x0000000800000000)
  region size 4096K, 7 young (28672K), 7 survivors (28672K)
 Metaspace       used 116999K, committed 118464K, reserved 1179648K
  class space    used 12528K, committed 13248K, reserved 1048576K
}
Event: 2248.182 GC heap before
{Heap before GC invocations=282 (full 0):
 garbage-first heap   total 806912K, used 730326K [0x0000000604400000, 0x0000000800000000)
  region size 4096K, 108 young (442368K), 7 survivors (28672K)
 Metaspace       used 119132K, committed 120576K, reserved 1179648K
  class space    used 13273K, committed 13952K, reserved 1048576K
}
Event: 2248.195 GC heap after
{Heap after GC invocations=283 (full 0):
 garbage-first heap   total 827392K, used 381250K [0x0000000604400000, 0x0000000800000000)
  region size 4096K, 14 young (57344K), 14 survivors (57344K)
 Metaspace       used 119132K, committed 120576K, reserved 1179648K
  class space    used 13273K, committed 13952K, reserved 1048576K
}
Event: 2259.017 GC heap before
{Heap before GC invocations=284 (full 0):
 garbage-first heap   total 827392K, used 717122K [0x0000000604400000, 0x0000000800000000)
  region size 4096K, 97 young (397312K), 14 survivors (57344K)
 Metaspace       used 119506K, committed 120960K, reserved 1179648K
  class space    used 13293K, committed 14016K, reserved 1048576K
}
Event: 2259.028 GC heap after
{Heap after GC invocations=285 (full 0):
 garbage-first heap   total 827392K, used 411696K [0x0000000604400000, 0x0000000800000000)
  region size 4096K, 13 young (53248K), 13 survivors (53248K)
 Metaspace       used 119506K, committed 120960K, reserved 1179648K
  class space    used 13293K, committed 14016K, reserved 1048576K
}
Event: 2260.077 GC heap before
{Heap before GC invocations=285 (full 0):
 garbage-first heap   total 827392K, used 718896K [0x0000000604400000, 0x0000000800000000)
  region size 4096K, 88 young (360448K), 13 survivors (53248K)
 Metaspace       used 119658K, committed 121152K, reserved 1179648K
  class space    used 13294K, committed 14016K, reserved 1048576K
}
Event: 2260.085 GC heap after
{Heap after GC invocations=286 (full 0):
 garbage-first heap   total 827392K, used 414993K [0x0000000604400000, 0x0000000800000000)
  region size 4096K, 2 young (8192K), 2 survivors (8192K)
 Metaspace       used 119658K, committed 121152K, reserved 1179648K
  class space    used 13294K, committed 14016K, reserved 1048576K
}

